<?xml version="1.0" encoding="UTF-8"?>
<coverage generated="1705358251851" clover="3.2.0">
  <project timestamp="1705358251851" name="All files">
    <metrics statements="18" coveredstatements="9" conditionals="2" coveredconditionals="0" methods="10" coveredmethods="3" elements="30" coveredelements="12" complexity="0" loc="18" ncloc="18" packages="3" files="8" classes="8"/>
    <package name="context">
      <metrics statements="8" coveredstatements="6" conditionals="0" coveredconditionals="0" methods="3" coveredmethods="1"/>
      <file name="AuthContext.tsx" path="/home/ignadev/Proyectos/PizelFusion/frontend-inmobiliaria-fork/src/context/AuthContext.tsx">
        <metrics statements="8" coveredstatements="6" conditionals="0" coveredconditionals="0" methods="3" coveredmethods="1"/>
        <line num="13" count="1" type="stmt"/>
        <line num="15" count="1" type="stmt"/>
        <line num="16" count="1" type="stmt"/>
        <line num="18" count="1" type="stmt"/>
        <line num="19" count="0" type="stmt"/>
        <line num="22" count="1" type="stmt"/>
        <line num="23" count="0" type="stmt"/>
        <line num="26" count="1" type="stmt"/>
      </file>
    </package>
    <package name="pages">
      <metrics statements="6" coveredstatements="1" conditionals="0" coveredconditionals="0" methods="5" coveredmethods="1"/>
      <file name="Alquilar.tsx" path="/home/ignadev/Proyectos/PizelFusion/frontend-inmobiliaria-fork/src/pages/Alquilar.tsx">
        <metrics statements="1" coveredstatements="0" conditionals="0" coveredconditionals="0" methods="1" coveredmethods="0"/>
        <line num="3" count="0" type="stmt"/>
      </file>
      <file name="DetalleAlquiler.tsx" path="/home/ignadev/Proyectos/PizelFusion/frontend-inmobiliaria-fork/src/pages/DetalleAlquiler.tsx">
        <metrics statements="2" coveredstatements="0" conditionals="0" coveredconditionals="0" methods="1" coveredmethods="0"/>
        <line num="4" count="0" type="stmt"/>
        <line num="5" count="0" type="stmt"/>
      </file>
      <file name="Home.tsx" path="/home/ignadev/Proyectos/PizelFusion/frontend-inmobiliaria-fork/src/pages/Home.tsx">
        <metrics statements="1" coveredstatements="1" conditionals="0" coveredconditionals="0" methods="1" coveredmethods="1"/>
        <line num="3" count="1" type="stmt"/>
      </file>
      <file name="NotFound.tsx" path="/home/ignadev/Proyectos/PizelFusion/frontend-inmobiliaria-fork/src/pages/NotFound.tsx">
        <metrics statements="1" coveredstatements="0" conditionals="0" coveredconditionals="0" methods="1" coveredmethods="0"/>
        <line num="3" count="0" type="stmt"/>
      </file>
      <file name="Usuario.tsx" path="/home/ignadev/Proyectos/PizelFusion/frontend-inmobiliaria-fork/src/pages/Usuario.tsx">
        <metrics statements="1" coveredstatements="0" conditionals="0" coveredconditionals="0" methods="1" coveredmethods="0"/>
        <line num="4" count="0" type="stmt"/>
      </file>
    </package>
    <package name="routes">
      <metrics statements="4" coveredstatements="2" conditionals="2" coveredconditionals="0" methods="2" coveredmethods="1"/>
      <file name="PrivateRoute.tsx" path="/home/ignadev/Proyectos/PizelFusion/frontend-inmobiliaria-fork/src/routes/PrivateRoute.tsx">
        <metrics statements="3" coveredstatements="1" conditionals="2" coveredconditionals="0" methods="1" coveredmethods="0"/>
        <line num="15" count="1" type="stmt"/>
        <line num="16" count="0" type="stmt"/>
        <line num="18" count="0" type="cond" truecount="0" falsecount="2"/>
      </file>
      <file name="Router.tsx" path="/home/ignadev/Proyectos/PizelFusion/frontend-inmobiliaria-fork/src/routes/Router.tsx">
        <metrics statements="1" coveredstatements="1" conditionals="0" coveredconditionals="0" methods="1" coveredmethods="1"/>
        <line num="10" count="1" type="stmt"/>
      </file>
    </package>
  </project>
</coverage>
