{"/home/ignadev/Proyectos/PizelFusion/frontend-inmobiliaria-fork/src/context/AuthContext.tsx": {"path":"/home/ignadev/Proyectos/PizelFusion/frontend-inmobiliaria-fork/src/context/AuthContext.tsx","statementMap":{"0":{"start":{"line":13,"column":27},"end":{"line":13,"column":70}},"1":{"start":{"line":15,"column":57},"end":{"line":31,"column":1}},"2":{"start":{"line":16,"column":48},"end":{"line":16,"column":63}},"3":{"start":{"line":18,"column":16},"end":{"line":20,"column":3}},"4":{"start":{"line":19,"column":4},"end":{"line":19,"column":29}},"5":{"start":{"line":22,"column":17},"end":{"line":24,"column":3}},"6":{"start":{"line":23,"column":4},"end":{"line":23,"column":30}},"7":{"start":{"line":26,"column":2},"end":{"line":30,"column":4}}},"fnMap":{"0":{"name":"(anonymous_0)","decl":{"start":{"line":15,"column":57},"end":{"line":15,"column":58}},"loc":{"start":{"line":15,"column":75},"end":{"line":31,"column":1}},"line":15},"1":{"name":"(anonymous_1)","decl":{"start":{"line":18,"column":16},"end":{"line":18,"column":17}},"loc":{"start":{"line":18,"column":22},"end":{"line":20,"column":3}},"line":18},"2":{"name":"(anonymous_2)","decl":{"start":{"line":22,"column":17},"end":{"line":22,"column":18}},"loc":{"start":{"line":22,"column":23},"end":{"line":24,"column":3}},"line":22}},"branchMap":{},"s":{"0":1,"1":1,"2":1,"3":1,"4":0,"5":1,"6":0,"7":1},"f":{"0":1,"1":0,"2":0},"b":{},"_coverageSchema":"1a1c01bbd47fc00a2c39e90264f33305004495a9","hash":"fefaf7827c194c984a63655d0345deaf6da7173d"}
,"/home/ignadev/Proyectos/PizelFusion/frontend-inmobiliaria-fork/src/pages/Alquilar.tsx": {"path":"/home/ignadev/Proyectos/PizelFusion/frontend-inmobiliaria-fork/src/pages/Alquilar.tsx","statementMap":{"0":{"start":{"line":3,"column":2},"end":{"line":5,"column":3}}},"fnMap":{"0":{"name":"Alquilar","decl":{"start":{"line":2,"column":24},"end":{"line":2,"column":32}},"loc":{"start":{"line":2,"column":35},"end":{"line":6,"column":1}},"line":2}},"branchMap":{},"s":{"0":0},"f":{"0":0},"b":{},"_coverageSchema":"1a1c01bbd47fc00a2c39e90264f33305004495a9","hash":"da0ca9ee8d54993ff9c815da0b82785fabadec36"}
,"/home/ignadev/Proyectos/PizelFusion/frontend-inmobiliaria-fork/src/pages/DetalleAlquiler.tsx": {"path":"/home/ignadev/Proyectos/PizelFusion/frontend-inmobiliaria-fork/src/pages/DetalleAlquiler.tsx","statementMap":{"0":{"start":{"line":4,"column":19},"end":{"line":4,"column":30}},"1":{"start":{"line":5,"column":2},"end":{"line":7,"column":3}}},"fnMap":{"0":{"name":"DetalleAlquiler","decl":{"start":{"line":3,"column":24},"end":{"line":3,"column":39}},"loc":{"start":{"line":3,"column":42},"end":{"line":8,"column":1}},"line":3}},"branchMap":{},"s":{"0":0,"1":0},"f":{"0":0},"b":{},"_coverageSchema":"1a1c01bbd47fc00a2c39e90264f33305004495a9","hash":"9b703bf43aae5391581a3a3e557ef8a5fc129f04"}
,"/home/ignadev/Proyectos/PizelFusion/frontend-inmobiliaria-fork/src/pages/Home.tsx": {"path":"/home/ignadev/Proyectos/PizelFusion/frontend-inmobiliaria-fork/src/pages/Home.tsx","statementMap":{"0":{"start":{"line":3,"column":2},"end":{"line":5,"column":3}}},"fnMap":{"0":{"name":"Home","decl":{"start":{"line":2,"column":24},"end":{"line":2,"column":28}},"loc":{"start":{"line":2,"column":32},"end":{"line":6,"column":1}},"line":2}},"branchMap":{},"s":{"0":1},"f":{"0":1},"b":{},"_coverageSchema":"1a1c01bbd47fc00a2c39e90264f33305004495a9","hash":"3a34b4e16c863cf2226cadae75b908e86a2a0527"}
,"/home/ignadev/Proyectos/PizelFusion/frontend-inmobiliaria-fork/src/pages/NotFound.tsx": {"path":"/home/ignadev/Proyectos/PizelFusion/frontend-inmobiliaria-fork/src/pages/NotFound.tsx","statementMap":{"0":{"start":{"line":3,"column":2},"end":{"line":5,"column":3}}},"fnMap":{"0":{"name":"NotFound","decl":{"start":{"line":2,"column":24},"end":{"line":2,"column":32}},"loc":{"start":{"line":2,"column":35},"end":{"line":6,"column":1}},"line":2}},"branchMap":{},"s":{"0":0},"f":{"0":0},"b":{},"_coverageSchema":"1a1c01bbd47fc00a2c39e90264f33305004495a9","hash":"7f4618da381f04e081c47bd5ebc847c484015b03"}
,"/home/ignadev/Proyectos/PizelFusion/frontend-inmobiliaria-fork/src/pages/Usuario.tsx": {"path":"/home/ignadev/Proyectos/PizelFusion/frontend-inmobiliaria-fork/src/pages/Usuario.tsx","statementMap":{"0":{"start":{"line":4,"column":2},"end":{"line":6,"column":3}}},"fnMap":{"0":{"name":"Usuario","decl":{"start":{"line":3,"column":24},"end":{"line":3,"column":31}},"loc":{"start":{"line":3,"column":34},"end":{"line":7,"column":1}},"line":3}},"branchMap":{},"s":{"0":0},"f":{"0":0},"b":{},"_coverageSchema":"1a1c01bbd47fc00a2c39e90264f33305004495a9","hash":"b1dd23e8646239223c77be348155fe7862c5df72"}
,"/home/ignadev/Proyectos/PizelFusion/frontend-inmobiliaria-fork/src/routes/PrivateRoute.tsx": {"path":"/home/ignadev/Proyectos/PizelFusion/frontend-inmobiliaria-fork/src/routes/PrivateRoute.tsx","statementMap":{"0":{"start":{"line":15,"column":50},"end":{"line":23,"column":1}},"1":{"start":{"line":16,"column":30},"end":{"line":16,"column":72}},"2":{"start":{"line":18,"column":2},"end":{"line":22,"column":4}}},"fnMap":{"0":{"name":"(anonymous_0)","decl":{"start":{"line":15,"column":50},"end":{"line":15,"column":51}},"loc":{"start":{"line":15,"column":67},"end":{"line":23,"column":1}},"line":15}},"branchMap":{"0":{"loc":{"start":{"line":18,"column":9},"end":{"line":22,"column":3}},"type":"cond-expr","locations":[{"start":{"line":19,"column":4},"end":{"line":19,"column":31}},{"start":{"line":21,"column":4},"end":{"line":21,"column":23}}],"line":18}},"s":{"0":1,"1":0,"2":0},"f":{"0":0},"b":{"0":[0,0]},"_coverageSchema":"1a1c01bbd47fc00a2c39e90264f33305004495a9","hash":"e9a6dfad37f63934cf17146d39ad496cf31b83b6"}
,"/home/ignadev/Proyectos/PizelFusion/frontend-inmobiliaria-fork/src/routes/Router.tsx": {"path":"/home/ignadev/Proyectos/PizelFusion/frontend-inmobiliaria-fork/src/routes/Router.tsx","statementMap":{"0":{"start":{"line":10,"column":2},"end":{"line":18,"column":4}}},"fnMap":{"0":{"name":"Router","decl":{"start":{"line":9,"column":24},"end":{"line":9,"column":30}},"loc":{"start":{"line":9,"column":33},"end":{"line":19,"column":1}},"line":9}},"branchMap":{},"s":{"0":1},"f":{"0":1},"b":{},"_coverageSchema":"1a1c01bbd47fc00a2c39e90264f33305004495a9","hash":"1cf666b15000009a5a482f115202401837677738"}
}
