TN:
SF:src/context/AuthContext.tsx
FN:15,(anonymous_0)
FN:18,(anonymous_1)
FN:22,(anonymous_2)
FNF:3
FNH:1
FNDA:1,(anonymous_0)
FNDA:0,(anonymous_1)
FNDA:0,(anonymous_2)
DA:13,1
DA:15,1
DA:16,1
DA:18,1
DA:19,0
DA:22,1
DA:23,0
DA:26,1
LF:8
LH:6
BRF:0
BRH:0
end_of_record
TN:
SF:src/pages/Alquilar.tsx
FN:2,Alquilar
FNF:1
FNH:0
FNDA:0,Alquilar
DA:3,0
LF:1
LH:0
BRF:0
BRH:0
end_of_record
TN:
SF:src/pages/DetalleAlquiler.tsx
FN:3,DetalleAlquiler
FNF:1
FNH:0
FNDA:0,DetalleAlquiler
DA:4,0
DA:5,0
LF:2
LH:0
BRF:0
BRH:0
end_of_record
TN:
SF:src/pages/Home.tsx
FN:2,Home
FNF:1
FNH:1
FNDA:1,Home
DA:3,1
LF:1
LH:1
BRF:0
BRH:0
end_of_record
TN:
SF:src/pages/NotFound.tsx
FN:2,NotFound
FNF:1
FNH:0
FNDA:0,NotFound
DA:3,0
LF:1
LH:0
BRF:0
BRH:0
end_of_record
TN:
SF:src/pages/Usuario.tsx
FN:3,Usuario
FNF:1
FNH:0
FNDA:0,Usuario
DA:4,0
LF:1
LH:0
BRF:0
BRH:0
end_of_record
TN:
SF:src/routes/PrivateRoute.tsx
FN:15,(anonymous_0)
FNF:1
FNH:0
FNDA:0,(anonymous_0)
DA:15,1
DA:16,0
DA:18,0
LF:3
LH:1
BRDA:18,0,0,0
BRDA:18,0,1,0
BRF:2
BRH:0
end_of_record
TN:
SF:src/routes/Router.tsx
FN:9,Router
FNF:1
FNH:1
FNDA:1,Router
DA:10,1
LF:1
LH:1
BRF:0
BRH:0
end_of_record
